2017-09-21 09:49:56  [ main:0 ] - [ DEBUG ]  Using SLF4J as the default logging framework
2017-09-21 09:49:56  [ main:6 ] - [ DEBUG ]  -Dio.netty.eventLoopThreads: 8
2017-09-21 09:49:56  [ main:39 ] - [ DEBUG ]  java.nio.Buffer.address: available
2017-09-21 09:49:56  [ main:39 ] - [ DEBUG ]  sun.misc.Unsafe.theUnsafe: available
2017-09-21 09:49:56  [ main:40 ] - [ DEBUG ]  sun.misc.Unsafe.copyMemory: available
2017-09-21 09:49:56  [ main:40 ] - [ DEBUG ]  java.nio.Bits.unaligned: true
2017-09-21 09:49:57  [ main:368 ] - [ DEBUG ]  UID: 501
2017-09-21 09:49:57  [ main:369 ] - [ DEBUG ]  Java version: 8
2017-09-21 09:49:57  [ main:369 ] - [ DEBUG ]  -Dio.netty.noUnsafe: false
2017-09-21 09:49:57  [ main:369 ] - [ DEBUG ]  sun.misc.Unsafe: available
2017-09-21 09:49:57  [ main:371 ] - [ DEBUG ]  -Dio.netty.noJavassist: false
2017-09-21 09:49:57  [ main:375 ] - [ DEBUG ]  Javassist: unavailable
2017-09-21 09:49:57  [ main:375 ] - [ DEBUG ]  You don't have Javassist in your class path or you don't have enough permission to load dynamically generated classes.  Please check the configuration for better performance.
2017-09-21 09:49:57  [ main:376 ] - [ DEBUG ]  -Dio.netty.tmpdir: /var/folders/kj/v5qrz1yd38lctbts53kqpdvh0000gn/T (java.io.tmpdir)
2017-09-21 09:49:57  [ main:376 ] - [ DEBUG ]  -Dio.netty.bitMode: 64 (sun.arch.data.model)
2017-09-21 09:49:57  [ main:377 ] - [ DEBUG ]  -Dio.netty.noPreferDirect: false
2017-09-21 09:49:57  [ main:483 ] - [ DEBUG ]  -Dio.netty.noKeySetOptimization: false
2017-09-21 09:49:57  [ main:484 ] - [ DEBUG ]  -Dio.netty.selectorAutoRebuildThreshold: 512
2017-09-21 09:49:57  [ main:670 ] - [ DEBUG ]  -Dio.netty.initialSeedUniquifier: 0x071e3a3cc678fef5 (took 29 ms)
2017-09-21 09:49:57  [ main:798 ] - [ DEBUG ]  -Dio.netty.allocator.type: unpooled
2017-09-21 09:49:57  [ main:798 ] - [ DEBUG ]  -Dio.netty.threadLocalDirectBufferSize: 65536
2017-09-21 09:49:57  [ main:807 ] - [ DEBUG ]  Loopback interface: lo0 (lo0, 0:0:0:0:0:0:0:1)
2017-09-21 09:49:57  [ main:808 ] - [ DEBUG ]  /proc/sys/net/core/somaxconn: 128 (non-existent)
2017-09-21 09:49:57  [ main:848 ] - [ INFO ]  rpc server start successfully, listening on port: 10086
2017-09-21 09:50:16  [ nioEventLoopGroup-3-1:19420 ] - [ DEBUG ]  -Dio.netty.leakDetectionLevel: simple
2017-09-21 09:50:16  [ nioEventLoopGroup-3-1:19438 ] - [ DEBUG ]  java.nio.ByteBuffer.cleaner(): available
2017-09-21 09:50:16  [ nioEventLoopGroup-3-1:19461 ] - [ DEBUG ]  -Dio.netty.recycler.maxCapacity.default: 262144
2017-09-21 10:05:40  [ main:0 ] - [ DEBUG ]  Using SLF4J as the default logging framework
2017-09-21 10:05:40  [ main:8 ] - [ DEBUG ]  -Dio.netty.eventLoopThreads: 8
2017-09-21 10:05:40  [ main:25 ] - [ DEBUG ]  java.nio.Buffer.address: available
2017-09-21 10:05:40  [ main:25 ] - [ DEBUG ]  sun.misc.Unsafe.theUnsafe: available
2017-09-21 10:05:40  [ main:26 ] - [ DEBUG ]  sun.misc.Unsafe.copyMemory: available
2017-09-21 10:05:40  [ main:27 ] - [ DEBUG ]  java.nio.Bits.unaligned: true
2017-09-21 10:05:40  [ main:152 ] - [ DEBUG ]  UID: 501
2017-09-21 10:05:40  [ main:152 ] - [ DEBUG ]  Java version: 8
2017-09-21 10:05:40  [ main:152 ] - [ DEBUG ]  -Dio.netty.noUnsafe: false
2017-09-21 10:05:40  [ main:152 ] - [ DEBUG ]  sun.misc.Unsafe: available
2017-09-21 10:05:40  [ main:153 ] - [ DEBUG ]  -Dio.netty.noJavassist: false
2017-09-21 10:05:40  [ main:154 ] - [ DEBUG ]  Javassist: unavailable
2017-09-21 10:05:40  [ main:154 ] - [ DEBUG ]  You don't have Javassist in your class path or you don't have enough permission to load dynamically generated classes.  Please check the configuration for better performance.
2017-09-21 10:05:40  [ main:154 ] - [ DEBUG ]  -Dio.netty.tmpdir: /var/folders/kj/v5qrz1yd38lctbts53kqpdvh0000gn/T (java.io.tmpdir)
2017-09-21 10:05:40  [ main:154 ] - [ DEBUG ]  -Dio.netty.bitMode: 64 (sun.arch.data.model)
2017-09-21 10:05:40  [ main:154 ] - [ DEBUG ]  -Dio.netty.noPreferDirect: false
2017-09-21 10:05:40  [ main:200 ] - [ DEBUG ]  -Dio.netty.noKeySetOptimization: false
2017-09-21 10:05:40  [ main:200 ] - [ DEBUG ]  -Dio.netty.selectorAutoRebuildThreshold: 512
2017-09-21 10:05:40  [ main:315 ] - [ DEBUG ]  -Dio.netty.initialSeedUniquifier: 0x8b4d3f1df3e0a745 (took 28 ms)
2017-09-21 10:05:40  [ main:378 ] - [ DEBUG ]  -Dio.netty.allocator.type: unpooled
2017-09-21 10:05:40  [ main:378 ] - [ DEBUG ]  -Dio.netty.threadLocalDirectBufferSize: 65536
2017-09-21 10:05:40  [ main:387 ] - [ DEBUG ]  Loopback interface: lo0 (lo0, 0:0:0:0:0:0:0:1)
2017-09-21 10:05:40  [ main:387 ] - [ DEBUG ]  /proc/sys/net/core/somaxconn: 128 (non-existent)
2017-09-21 10:05:40  [ main:436 ] - [ INFO ]  rpc server start successfully, listening on port: 10086
2017-09-21 10:05:46  [ nioEventLoopGroup-3-1:6134 ] - [ DEBUG ]  -Dio.netty.leakDetectionLevel: simple
2017-09-21 10:05:46  [ nioEventLoopGroup-3-1:6151 ] - [ DEBUG ]  java.nio.ByteBuffer.cleaner(): available
2017-09-21 10:05:46  [ nioEventLoopGroup-3-1:6169 ] - [ DEBUG ]  -Dio.netty.recycler.maxCapacity.default: 262144
2017-09-21 10:12:47  [ main:0 ] - [ DEBUG ]  Using SLF4J as the default logging framework
2017-09-21 10:12:47  [ main:17 ] - [ DEBUG ]  -Dio.netty.eventLoopThreads: 8
2017-09-21 10:12:47  [ main:45 ] - [ DEBUG ]  java.nio.Buffer.address: available
2017-09-21 10:12:47  [ main:46 ] - [ DEBUG ]  sun.misc.Unsafe.theUnsafe: available
2017-09-21 10:12:47  [ main:50 ] - [ DEBUG ]  sun.misc.Unsafe.copyMemory: available
2017-09-21 10:12:47  [ main:51 ] - [ DEBUG ]  java.nio.Bits.unaligned: true
2017-09-21 10:12:47  [ main:210 ] - [ DEBUG ]  UID: 501
2017-09-21 10:12:47  [ main:211 ] - [ DEBUG ]  Java version: 8
2017-09-21 10:12:47  [ main:211 ] - [ DEBUG ]  -Dio.netty.noUnsafe: false
2017-09-21 10:12:47  [ main:211 ] - [ DEBUG ]  sun.misc.Unsafe: available
2017-09-21 10:12:47  [ main:212 ] - [ DEBUG ]  -Dio.netty.noJavassist: false
2017-09-21 10:12:47  [ main:215 ] - [ DEBUG ]  Javassist: unavailable
2017-09-21 10:12:47  [ main:215 ] - [ DEBUG ]  You don't have Javassist in your class path or you don't have enough permission to load dynamically generated classes.  Please check the configuration for better performance.
2017-09-21 10:12:47  [ main:215 ] - [ DEBUG ]  -Dio.netty.tmpdir: /var/folders/kj/v5qrz1yd38lctbts53kqpdvh0000gn/T (java.io.tmpdir)
2017-09-21 10:12:47  [ main:215 ] - [ DEBUG ]  -Dio.netty.bitMode: 64 (sun.arch.data.model)
2017-09-21 10:12:47  [ main:215 ] - [ DEBUG ]  -Dio.netty.noPreferDirect: false
2017-09-21 10:12:47  [ main:246 ] - [ DEBUG ]  -Dio.netty.noKeySetOptimization: false
2017-09-21 10:12:47  [ main:247 ] - [ DEBUG ]  -Dio.netty.selectorAutoRebuildThreshold: 512
2017-09-21 10:12:47  [ main:342 ] - [ DEBUG ]  -Dio.netty.initialSeedUniquifier: 0x672ae7d3f424e570 (took 26 ms)
2017-09-21 10:12:47  [ main:416 ] - [ DEBUG ]  -Dio.netty.allocator.type: unpooled
2017-09-21 10:12:47  [ main:416 ] - [ DEBUG ]  -Dio.netty.threadLocalDirectBufferSize: 65536
2017-09-21 10:12:47  [ main:425 ] - [ DEBUG ]  Loopback interface: lo0 (lo0, 0:0:0:0:0:0:0:1)
2017-09-21 10:12:47  [ main:425 ] - [ DEBUG ]  /proc/sys/net/core/somaxconn: 128 (non-existent)
2017-09-21 10:12:47  [ main:442 ] - [ INFO ]  rpc server start successfully, listening on port: 10086
2017-09-21 10:13:25  [ nioEventLoopGroup-3-1:38272 ] - [ DEBUG ]  -Dio.netty.leakDetectionLevel: simple
2017-09-21 10:13:25  [ nioEventLoopGroup-3-1:38284 ] - [ DEBUG ]  java.nio.ByteBuffer.cleaner(): available
2017-09-21 10:13:25  [ nioEventLoopGroup-3-1:38294 ] - [ DEBUG ]  -Dio.netty.recycler.maxCapacity.default: 262144
2017-09-21 10:19:44  [ main:0 ] - [ DEBUG ]  Using SLF4J as the default logging framework
2017-09-21 10:19:44  [ main:21 ] - [ DEBUG ]  -Dio.netty.eventLoopThreads: 8
2017-09-21 10:19:44  [ main:73 ] - [ DEBUG ]  java.nio.Buffer.address: available
2017-09-21 10:19:44  [ main:74 ] - [ DEBUG ]  sun.misc.Unsafe.theUnsafe: available
2017-09-21 10:19:44  [ main:74 ] - [ DEBUG ]  sun.misc.Unsafe.copyMemory: available
2017-09-21 10:19:44  [ main:75 ] - [ DEBUG ]  java.nio.Bits.unaligned: true
2017-09-21 10:19:44  [ main:222 ] - [ DEBUG ]  UID: 501
2017-09-21 10:19:44  [ main:222 ] - [ DEBUG ]  Java version: 8
2017-09-21 10:19:44  [ main:222 ] - [ DEBUG ]  -Dio.netty.noUnsafe: false
2017-09-21 10:19:44  [ main:223 ] - [ DEBUG ]  sun.misc.Unsafe: available
2017-09-21 10:19:44  [ main:223 ] - [ DEBUG ]  -Dio.netty.noJavassist: false
2017-09-21 10:19:44  [ main:224 ] - [ DEBUG ]  Javassist: unavailable
2017-09-21 10:19:44  [ main:224 ] - [ DEBUG ]  You don't have Javassist in your class path or you don't have enough permission to load dynamically generated classes.  Please check the configuration for better performance.
2017-09-21 10:19:44  [ main:224 ] - [ DEBUG ]  -Dio.netty.tmpdir: /var/folders/kj/v5qrz1yd38lctbts53kqpdvh0000gn/T (java.io.tmpdir)
2017-09-21 10:19:44  [ main:225 ] - [ DEBUG ]  -Dio.netty.bitMode: 64 (sun.arch.data.model)
2017-09-21 10:19:44  [ main:225 ] - [ DEBUG ]  -Dio.netty.noPreferDirect: false
2017-09-21 10:19:44  [ main:256 ] - [ DEBUG ]  -Dio.netty.noKeySetOptimization: false
2017-09-21 10:19:44  [ main:256 ] - [ DEBUG ]  -Dio.netty.selectorAutoRebuildThreshold: 512
2017-09-21 10:19:44  [ main:401 ] - [ DEBUG ]  -Dio.netty.initialSeedUniquifier: 0xce2043ed8b965218 (took 40 ms)
2017-09-21 10:19:44  [ main:471 ] - [ DEBUG ]  -Dio.netty.allocator.type: unpooled
2017-09-21 10:19:44  [ main:471 ] - [ DEBUG ]  -Dio.netty.threadLocalDirectBufferSize: 65536
2017-09-21 10:19:44  [ main:479 ] - [ DEBUG ]  Loopback interface: lo0 (lo0, 0:0:0:0:0:0:0:1)
2017-09-21 10:19:44  [ main:479 ] - [ DEBUG ]  /proc/sys/net/core/somaxconn: 128 (non-existent)
2017-09-21 10:19:44  [ main:501 ] - [ INFO ]  rpc server start successfully, listening on port: 10086
2017-09-21 10:20:02  [ nioEventLoopGroup-3-1:18745 ] - [ DEBUG ]  -Dio.netty.leakDetectionLevel: simple
2017-09-21 10:20:02  [ nioEventLoopGroup-3-1:18758 ] - [ DEBUG ]  java.nio.ByteBuffer.cleaner(): available
2017-09-21 10:20:02  [ nioEventLoopGroup-3-1:18793 ] - [ DEBUG ]  -Dio.netty.recycler.maxCapacity.default: 262144
2017-09-21 10:26:18  [ main:0 ] - [ DEBUG ]  Using SLF4J as the default logging framework
2017-09-21 10:26:18  [ main:17 ] - [ DEBUG ]  -Dio.netty.eventLoopThreads: 8
2017-09-21 10:26:18  [ main:79 ] - [ DEBUG ]  java.nio.Buffer.address: available
2017-09-21 10:26:18  [ main:79 ] - [ DEBUG ]  sun.misc.Unsafe.theUnsafe: available
2017-09-21 10:26:18  [ main:80 ] - [ DEBUG ]  sun.misc.Unsafe.copyMemory: available
2017-09-21 10:26:18  [ main:80 ] - [ DEBUG ]  java.nio.Bits.unaligned: true
2017-09-21 10:26:19  [ main:242 ] - [ DEBUG ]  UID: 501
2017-09-21 10:26:19  [ main:243 ] - [ DEBUG ]  Java version: 8
2017-09-21 10:26:19  [ main:244 ] - [ DEBUG ]  -Dio.netty.noUnsafe: false
2017-09-21 10:26:19  [ main:244 ] - [ DEBUG ]  sun.misc.Unsafe: available
2017-09-21 10:26:19  [ main:244 ] - [ DEBUG ]  -Dio.netty.noJavassist: false
2017-09-21 10:26:19  [ main:246 ] - [ DEBUG ]  Javassist: unavailable
2017-09-21 10:26:19  [ main:246 ] - [ DEBUG ]  You don't have Javassist in your class path or you don't have enough permission to load dynamically generated classes.  Please check the configuration for better performance.
2017-09-21 10:26:19  [ main:246 ] - [ DEBUG ]  -Dio.netty.tmpdir: /var/folders/kj/v5qrz1yd38lctbts53kqpdvh0000gn/T (java.io.tmpdir)
2017-09-21 10:26:19  [ main:246 ] - [ DEBUG ]  -Dio.netty.bitMode: 64 (sun.arch.data.model)
2017-09-21 10:26:19  [ main:246 ] - [ DEBUG ]  -Dio.netty.noPreferDirect: false
2017-09-21 10:26:19  [ main:305 ] - [ DEBUG ]  -Dio.netty.noKeySetOptimization: false
2017-09-21 10:26:19  [ main:306 ] - [ DEBUG ]  -Dio.netty.selectorAutoRebuildThreshold: 512
2017-09-21 10:26:19  [ main:418 ] - [ DEBUG ]  -Dio.netty.initialSeedUniquifier: 0xd1f843d0a8fec544 (took 19 ms)
2017-09-21 10:26:19  [ main:476 ] - [ DEBUG ]  -Dio.netty.allocator.type: unpooled
2017-09-21 10:26:19  [ main:476 ] - [ DEBUG ]  -Dio.netty.threadLocalDirectBufferSize: 65536
2017-09-21 10:26:19  [ main:484 ] - [ DEBUG ]  Loopback interface: lo0 (lo0, 0:0:0:0:0:0:0:1)
2017-09-21 10:26:19  [ main:484 ] - [ DEBUG ]  /proc/sys/net/core/somaxconn: 128 (non-existent)
2017-09-21 10:26:19  [ main:503 ] - [ INFO ]  rpc server start successfully, listening on port: 10086
2017-09-21 10:38:02  [ nioEventLoopGroup-3-1:703395 ] - [ DEBUG ]  -Dio.netty.leakDetectionLevel: simple
2017-09-21 10:38:02  [ nioEventLoopGroup-3-1:703404 ] - [ DEBUG ]  java.nio.ByteBuffer.cleaner(): available
2017-09-21 10:38:02  [ nioEventLoopGroup-3-1:703463 ] - [ DEBUG ]  -Dio.netty.recycler.maxCapacity.default: 262144
